d:\dropbox\college\dsa2\hw\hw2-square\hw1-triangle\debug\vc141.pdb
d:\dropbox\college\dsa2\hw\hw2-square\hw1-triangle\debug\vc141.idb
d:\dropbox\college\dsa2\hw\hw2-square\hw1-triangle\debug\glad.obj
d:\dropbox\college\dsa2\hw\hw2-square\hw1-triangle\debug\stb_image.obj
d:\dropbox\college\dsa2\hw\hw2-square\hw1-triangle\debug\main.obj
d:\dropbox\college\dsa2\hw\hw2-square\hw1-triangle\debug\shader.obj
c:\users\barry\dropbox\college\dsa2\hw\hw2-square\hw1-triangle\debug\vc141.pdb
c:\users\barry\dropbox\college\dsa2\hw\hw2-square\hw1-triangle\debug\vc141.idb
c:\users\barry\dropbox\college\dsa2\hw\hw2-square\hw1-triangle\debug\glad.obj
c:\users\barry\dropbox\college\dsa2\hw\hw2-square\hw1-triangle\debug\main.obj
c:\users\barry\dropbox\college\dsa2\hw\hw2-square\hw1-triangle\debug\stb_image.obj
c:\users\barry\dropbox\college\dsa2\hw\hw2-square\hw1-triangle\debug\shader.obj
d:\dropbox\college\dsa2\hw\hw2-square\debug\hw2-square.exe
d:\dropbox\college\dsa2\hw\hw2-square\debug\hw2-square.ilk
d:\dropbox\college\dsa2\hw\hw2-square\debug\hw2-square.pdb
c:\users\barry\dropbox\college\dsa2\hw\hw2-square\debug\hw2-square.ilk
c:\users\barry\dropbox\college\dsa2\hw\hw2-square\debug\hw2-square.exe
c:\users\barry\dropbox\college\dsa2\hw\hw2-square\debug\hw2-square.pdb
d:\dropbox\college\dsa2\hw\hw2-square\hw1-triangle\debug\vc141 (desktop-6htdegr's conflicted copy 2018-10-04).idb
d:\dropbox\college\dsa2\hw\hw2-square\hw1-triangle\debug\vc141 (desktop-6htdegr's conflicted copy 2018-10-04).pdb
d:\dropbox\college\dsa2\hw\hw2-square\hw1-triangle\debug\hw2-square.tlog\cl.command.1 (desktop-6htdegr's conflicted copy 2018-10-04).tlog
d:\dropbox\college\dsa2\hw\hw2-square\hw1-triangle\debug\hw2-square.tlog\cl.command.1.tlog
d:\dropbox\college\dsa2\hw\hw2-square\hw1-triangle\debug\hw2-square.tlog\cl.read.1 (desktop-6htdegr's conflicted copy 2018-10-04).tlog
d:\dropbox\college\dsa2\hw\hw2-square\hw1-triangle\debug\hw2-square.tlog\cl.write.1 (desktop-6htdegr's conflicted copy 2018-10-04).tlog
d:\dropbox\college\dsa2\hw\hw2-square\hw1-triangle\debug\hw2-square.tlog\link.command.1 (desktop-6htdegr's conflicted copy 2018-10-04).tlog
d:\dropbox\college\dsa2\hw\hw2-square\hw1-triangle\debug\hw2-square.tlog\link.command.1.tlog
d:\dropbox\college\dsa2\hw\hw2-square\hw1-triangle\debug\hw2-square.tlog\link.read.1 (desktop-6htdegr's conflicted copy 2018-10-04).tlog
d:\dropbox\college\dsa2\hw\hw2-square\hw1-triangle\debug\hw2-square.tlog\link.write.1 (desktop-6htdegr's conflicted copy 2018-10-04).tlog
